TN:
SF:app.js
FN:21,(anonymous_0)
FNF:1
FNH:0
FNDA:0,(anonymous_0)
DA:1,1
DA:2,1
DA:4,1
DA:5,1
DA:6,1
DA:7,1
DA:8,1
DA:9,1
DA:11,1
DA:12,1
DA:13,1
DA:15,1
DA:17,1
DA:19,1
DA:21,0
DA:22,0
DA:27,1
LF:17
LH:15
BRDA:1,0,0,1
BRDA:1,0,1,0
BRDA:9,1,0,1
BRDA:9,1,1,1
BRDA:19,2,0,0
BRDA:19,2,1,1
BRF:6
BRH:4
end_of_record
TN:
SF:controllers\itemController.js
FN:4,(anonymous_0)
FN:13,(anonymous_1)
FN:26,(anonymous_2)
FN:38,(anonymous_3)
FN:54,(anonymous_4)
FN:69,(anonymous_5)
FNF:6
FNH:0
FNDA:0,(anonymous_0)
FNDA:0,(anonymous_1)
FNDA:0,(anonymous_2)
FNDA:0,(anonymous_3)
FNDA:0,(anonymous_4)
FNDA:0,(anonymous_5)
DA:1,1
DA:5,0
DA:6,0
DA:7,0
DA:9,0
DA:14,0
DA:15,0
DA:16,0
DA:17,0
DA:19,0
DA:22,0
DA:27,0
DA:28,0
DA:29,0
DA:31,0
DA:32,0
DA:39,0
DA:40,0
DA:41,0
DA:43,0
DA:44,0
DA:46,0
DA:47,0
DA:50,0
DA:55,0
DA:56,0
DA:57,0
DA:58,0
DA:59,0
DA:61,0
DA:62,0
DA:70,0
DA:71,0
DA:73,0
DA:74,0
DA:76,0
DA:77,0
DA:80,0
DA:85,1
LF:39
LH:2
BRDA:16,0,0,0
BRDA:16,0,1,0
BRDA:43,1,0,0
BRDA:43,1,1,0
BRDA:58,2,0,0
BRDA:58,2,1,0
BRDA:73,3,0,0
BRDA:73,3,1,0
BRF:8
BRH:0
end_of_record
TN:
SF:controllers\showcaseController.js
FN:4,(anonymous_0)
FN:31,(anonymous_1)
FN:49,(anonymous_2)
FN:70,(anonymous_3)
FN:91,(anonymous_4)
FNF:5
FNH:5
FNDA:2,(anonymous_0)
FNDA:2,(anonymous_1)
FNDA:2,(anonymous_2)
FNDA:2,(anonymous_3)
FNDA:1,(anonymous_4)
DA:1,1
DA:5,2
DA:6,2
DA:8,2
DA:9,1
DA:15,1
DA:22,1
DA:26,1
DA:32,2
DA:37,2
DA:38,2
DA:40,1
DA:44,1
DA:50,2
DA:51,2
DA:55,2
DA:56,1
DA:61,1
DA:65,1
DA:71,2
DA:75,2
DA:76,2
DA:82,1
DA:86,1
DA:92,1
DA:93,1
DA:99,1
DA:103,0
DA:109,1
LF:29
LH:28
BRDA:8,0,0,1
BRDA:8,0,1,1
BRDA:34,1,0,2
BRDA:34,1,1,1
BRDA:55,2,0,1
BRDA:55,2,1,1
BRDA:72,3,0,2
BRDA:72,3,1,1
BRF:8
BRH:8
end_of_record
TN:
SF:controllers\userController.js
FN:6,(anonymous_0)
FN:17,(anonymous_1)
FN:40,(anonymous_2)
FNF:3
FNH:0
FNDA:0,(anonymous_0)
FNDA:0,(anonymous_1)
FNDA:0,(anonymous_2)
DA:1,1
DA:2,1
DA:3,1
DA:7,0
DA:8,0
DA:9,0
DA:10,0
DA:13,0
DA:18,0
DA:19,0
DA:20,0
DA:21,0
DA:22,0
DA:24,0
DA:25,0
DA:26,0
DA:28,0
DA:32,0
DA:36,0
DA:41,0
DA:42,0
DA:43,0
DA:44,0
DA:45,0
DA:47,0
DA:48,0
DA:51,0
DA:56,1
LF:28
LH:4
BRDA:21,0,0,0
BRDA:21,0,1,0
BRDA:25,1,0,0
BRDA:25,1,1,0
BRDA:44,2,0,0
BRDA:44,2,1,0
BRF:6
BRH:0
end_of_record
TN:
SF:controllers\wishlistController.js
FN:4,(anonymous_0)
FN:15,(anonymous_1)
FN:26,(anonymous_2)
FN:37,(anonymous_3)
FN:48,(anonymous_4)
FN:59,(anonymous_5)
FNF:6
FNH:0
FNDA:0,(anonymous_0)
FNDA:0,(anonymous_1)
FNDA:0,(anonymous_2)
FNDA:0,(anonymous_3)
FNDA:0,(anonymous_4)
FNDA:0,(anonymous_5)
DA:5,0
DA:6,0
DA:10,0
DA:16,0
DA:17,0
DA:21,0
DA:27,0
DA:28,0
DA:32,0
DA:38,0
DA:39,0
DA:43,0
DA:49,0
DA:50,0
DA:54,0
DA:60,0
DA:61,0
DA:65,0
DA:71,1
LF:19
LH:1
BRF:0
BRH:0
end_of_record
TN:
SF:helpers\checkHashedPassword.js
FN:3,checkPassword
FNF:1
FNH:0
FNDA:0,checkPassword
DA:1,1
DA:4,0
DA:7,1
LF:3
LH:2
BRF:0
BRH:0
end_of_record
TN:
SF:helpers\hashPassword.js
FN:3,hashPassword
FNF:1
FNH:1
FNDA:2,hashPassword
DA:1,1
DA:4,2
DA:7,1
LF:3
LH:3
BRF:0
BRH:0
end_of_record
TN:
SF:helpers\jwt.js
FN:4,generateToken
FN:8,verifyToken
FNF:2
FNH:1
FNDA:0,generateToken
FNDA:8,verifyToken
DA:1,1
DA:2,1
DA:5,0
DA:9,8
DA:12,1
LF:5
LH:4
BRF:0
BRH:0
end_of_record
TN:
SF:middlewares\authentication.js
FN:4,authenticate
FNF:1
FNH:1
FNDA:11,authenticate
DA:1,1
DA:2,1
DA:5,11
DA:7,11
DA:8,3
DA:13,8
DA:15,8
DA:20,8
DA:27,8
DA:28,8
DA:31,0
DA:39,3
DA:44,1
LF:13
LH:12
BRDA:7,0,0,3
BRDA:7,0,1,8
BRDA:27,1,0,8
BRDA:27,1,1,0
BRF:4
BRH:3
end_of_record
TN:
SF:middlewares\authorization.js
FN:3,authorize
FNF:1
FNH:1
FNDA:6,authorize
DA:1,1
DA:4,6
DA:5,6
DA:6,6
DA:8,6
DA:9,5
DA:10,3
DA:12,0
DA:13,0
DA:15,0
DA:16,0
DA:17,0
DA:23,3
DA:27,1
LF:14
LH:9
BRDA:5,0,0,6
BRDA:5,0,1,0
BRDA:8,1,0,1
BRDA:8,1,1,5
BRDA:9,2,0,2
BRDA:9,2,1,3
BRDA:12,3,0,0
BRDA:12,3,1,0
BRDA:15,4,0,0
BRDA:15,4,1,0
BRDA:16,5,0,0
BRDA:16,5,1,0
BRF:12
BRH:5
end_of_record
TN:
SF:middlewares\errorHandler.js
FN:1,errorHandler
FN:7,(anonymous_1)
FNF:2
FNH:2
FNDA:10,errorHandler
FNDA:2,(anonymous_1)
DA:2,10
DA:3,10
DA:5,2
DA:6,2
DA:7,2
DA:8,2
DA:11,2
DA:12,2
DA:15,0
DA:16,0
DA:19,0
DA:20,0
DA:23,3
DA:24,3
DA:27,0
DA:28,0
DA:31,2
DA:32,2
DA:35,1
DA:36,1
DA:39,0
DA:40,0
DA:43,2
DA:44,2
DA:47,0
DA:48,0
DA:49,0
DA:53,1
LF:28
LH:17
BRDA:3,0,0,2
BRDA:3,0,1,0
BRDA:3,0,2,0
BRDA:3,0,3,3
BRDA:3,0,4,0
BRDA:3,0,5,2
BRDA:3,0,6,1
BRDA:3,0,7,0
BRDA:3,0,8,2
BRDA:3,0,9,0
BRDA:6,1,0,2
BRDA:6,1,1,0
BRDA:47,2,0,0
BRDA:47,2,1,0
BRDA:48,3,0,0
BRDA:48,3,1,0
BRF:16
BRH:6
end_of_record
TN:
SF:models\index.js
FN:20,(anonymous_0)
FN:23,(anonymous_1)
FN:28,(anonymous_2)
FNF:3
FNH:3
FNDA:6,(anonymous_0)
FNDA:5,(anonymous_1)
FNDA:5,(anonymous_2)
DA:3,1
DA:4,1
DA:5,1
DA:6,1
DA:7,1
DA:8,1
DA:9,1
DA:12,1
DA:13,0
DA:15,1
DA:18,1
DA:21,6
DA:24,5
DA:25,5
DA:28,1
DA:29,5
DA:30,5
DA:34,1
DA:35,1
DA:37,1
LF:20
LH:19
BRDA:7,0,0,1
BRDA:7,0,1,0
BRDA:12,1,0,0
BRDA:12,1,1,1
BRDA:21,2,0,6
BRDA:21,2,1,6
BRDA:21,2,2,5
BRDA:29,3,0,5
BRDA:29,3,1,0
BRF:9
BRH:6
end_of_record
TN:
SF:models\item.js
FN:5,(anonymous_0)
FN:12,(anonymous_1)
FNF:2
FNH:2
FNDA:1,(anonymous_0)
FNDA:1,(anonymous_1)
DA:4,1
DA:5,1
DA:14,1
DA:15,1
DA:18,1
DA:45,1
LF:6
LH:6
BRF:0
BRH:0
end_of_record
TN:
SF:models\showcase.js
FN:5,(anonymous_0)
FN:12,(anonymous_1)
FNF:2
FNH:2
FNDA:1,(anonymous_0)
FNDA:1,(anonymous_1)
DA:4,1
DA:5,1
DA:14,1
DA:15,1
DA:18,1
DA:35,1
LF:6
LH:6
BRF:0
BRH:0
end_of_record
TN:
SF:models\showcaseitem.js
FN:5,(anonymous_0)
FN:12,(anonymous_1)
FNF:2
FNH:2
FNDA:1,(anonymous_0)
FNDA:1,(anonymous_1)
DA:4,1
DA:5,1
DA:14,1
DA:15,1
DA:18,1
DA:28,1
LF:6
LH:6
BRF:0
BRH:0
end_of_record
TN:
SF:models\user.js
FN:6,(anonymous_0)
FN:13,(anonymous_1)
FN:59,(anonymous_2)
FNF:3
FNH:2
FNDA:1,(anonymous_0)
FNDA:1,(anonymous_1)
FNDA:0,(anonymous_2)
DA:4,1
DA:5,1
DA:6,1
DA:15,1
DA:16,1
DA:17,1
DA:20,1
DA:60,0
DA:64,1
LF:9
LH:8
BRF:0
BRH:0
end_of_record
TN:
SF:models\wishlistitem.js
FN:5,(anonymous_0)
FN:12,(anonymous_1)
FNF:2
FNH:2
FNDA:1,(anonymous_0)
FNDA:1,(anonymous_1)
DA:4,1
DA:5,1
DA:14,1
DA:17,1
DA:38,1
LF:5
LH:5
BRF:0
BRH:0
end_of_record
TN:
SF:routes\indexRoute.js
FNF:0
FNH:0
DA:1,1
DA:2,1
DA:3,1
DA:4,1
DA:5,1
DA:6,1
DA:8,1
DA:9,1
DA:10,1
DA:11,1
DA:13,1
LF:11
LH:11
BRF:0
BRH:0
end_of_record
TN:
SF:routes\itemsRoute.js
FNF:0
FNH:0
DA:1,1
DA:2,1
DA:3,1
DA:5,1
DA:6,1
DA:8,1
DA:9,1
DA:10,1
DA:11,1
DA:13,1
LF:10
LH:10
BRF:0
BRH:0
end_of_record
TN:
SF:routes\showcaseRoute.js
FNF:0
FNH:0
DA:1,1
DA:2,1
DA:3,1
DA:4,1
DA:5,1
DA:7,1
DA:8,1
DA:10,1
DA:12,1
DA:14,1
DA:16,1
DA:17,1
DA:19,1
LF:13
LH:13
BRF:0
BRH:0
end_of_record
TN:
SF:routes\usersRoute.js
FNF:0
FNH:0
DA:1,1
DA:2,1
DA:3,1
DA:5,1
DA:6,1
DA:7,1
DA:9,1
LF:7
LH:7
BRF:0
BRH:0
end_of_record
TN:
SF:routes\wishlistRoute.js
FNF:0
FNH:0
DA:1,1
DA:2,1
DA:3,1
DA:5,1
DA:6,1
DA:8,1
DA:11,1
DA:12,1
DA:13,1
DA:15,1
LF:10
LH:10
BRF:0
BRH:0
end_of_record
